host: DESKTOP-8QB05RP
Building DAG of jobs...
Using shell: /usr/bin/bash
Provided cores: 1 (use --cores to define parallelism)
Rules claiming more threads will be scaled down.
Job stats:
job             count
------------  -------
all                 1
data_summary        1
id_list             1
merge_data          1
total               4

Select jobs to execute...
Execute 1 jobs...

[Sat Nov  9 15:36:09 2024]
localrule id_list:
    input: data/derived/accel_ids.txt, data/derived/BMX_IDs.txt, logs/get_ID_log.log
    output: data/derived/sampleIDs.csv, logs/id_list_log
    jobid: 3
    reason: Updated input files: logs/get_ID_log.log
    resources: tmpdir=/tmp

[Sat Nov  9 15:36:10 2024]
Finished job 3.
1 of 4 steps (25%) done
Select jobs to execute...
Execute 1 jobs...

[Sat Nov  9 15:36:10 2024]
localrule merge_data:
    input: data/original/BMX_D.csv, data/original/DEMO_D.XPT, data/derived/sampleIDs.csv, logs/id_list_log
    output: data/derived/body_measurements.csv, logs/merge_log.log
    jobid: 2
    reason: Missing output files: logs/merge_log.log, data/derived/body_measurements.csv; Input files updated by another job: logs/id_list_log, data/derived/sampleIDs.csv
    resources: tmpdir=/tmp

[Sat Nov  9 15:36:10 2024]
Error in rule merge_data:
    jobid: 2
    input: data/original/BMX_D.csv, data/original/DEMO_D.XPT, data/derived/sampleIDs.csv, logs/id_list_log
    output: data/derived/body_measurements.csv, logs/merge_log.log
    shell:
        
    Rscript load_demo_data.R > logs/merge_log.log
    
        (one of the commands exited with non-zero exit code; note that snakemake uses bash strict mode!)

Removing output files of failed job merge_data since they might be corrupted:
logs/merge_log.log
Shutting down, this might take some time.
Exiting because a job execution failed. Look above for error message
Complete log: .snakemake/log/2024-11-09T153355.677783.snakemake.log
WorkflowError:
At least one job did not complete successfully.
