host: DESKTOP-8QB05RP
Building DAG of jobs...
Using shell: /usr/bin/bash
Provided cores: 1 (use --cores to define parallelism)
Rules claiming more threads will be scaled down.
Job stats:
job        count
-------  -------
get_ids        1
total          1

Select jobs to execute...
Execute 1 jobs...

[Fri Nov  1 11:52:15 2024]
localrule get_ids:
    input: data/derived/accel/accel-31128.txt, data/original/BMX_D.csv
    output: data/derived/accel/accel_ids.txt, data/derived/BMX_IDs.txt
    jobid: 0
    reason: Updated input files: data/original/BMX_D.csv
    resources: tmpdir=/tmp

[Fri Nov  1 11:52:17 2024]
Finished job 0.
1 of 1 steps (100%) done
Complete log: .snakemake/log/2024-11-01T115215.494174.snakemake.log
