host: DESKTOP-8QB05RP
Building DAG of jobs...
Using shell: /usr/bin/bash
Provided cores: 1 (use --cores to define parallelism)
Rules claiming more threads will be scaled down.
Job stats:
job            count
-----------  -------
accel_check        1
all                1
total              2

Select jobs to execute...
Execute 1 jobs...

[Thu Oct 31 16:35:27 2024]
localrule accel_check:
    input: data/original/accel/accel-31128.txt
    output: logs/accel_log.log
    jobid: 1
    reason: Missing output files: logs/accel_log.log; Code has changed since last execution
    resources: tmpdir=/tmp

Terminating processes on user request, this might take some time.
[Thu Oct 31 16:36:06 2024]
Error in rule accel_check:
    jobid: 1
    input: data/original/accel/accel-31128.txt
    output: logs/accel_log.log
    shell:
        
    mkdir -p logs
    bash code/data_prep/basic_checks_accel.sh > logs/accel_log.log
    
        (one of the commands exited with non-zero exit code; note that snakemake uses bash strict mode!)

Complete log: .snakemake/log/2024-10-31T163527.565333.snakemake.log
WorkflowError:
At least one job did not complete successfully.
