host: DESKTOP-8QB05RP
Building DAG of jobs...
Using shell: /usr/bin/bash
Provided cores: 1 (use --cores to define parallelism)
Rules claiming more threads will be scaled down.
Job stats:
job            count
-----------  -------
accel_check        1
all                1
total              2

Select jobs to execute...
Execute 1 jobs...

[Thu Oct 31 16:29:08 2024]
localrule accel_check:
    input: data/original/accel/accel-31128.txt
    output: logs/accel_log.log
    jobid: 1
    reason: Missing output files: logs/accel_log.log
    resources: tmpdir=/tmp

[Thu Oct 31 16:29:09 2024]
Finished job 1.
1 of 2 steps (50%) done
Select jobs to execute...
Execute 1 jobs...

[Thu Oct 31 16:29:09 2024]
localrule all:
    input: logs/accel_log.log
    jobid: 0
    reason: Input files updated by another job: logs/accel_log.log
    resources: tmpdir=/tmp

[Thu Oct 31 16:29:09 2024]
Finished job 0.
2 of 2 steps (100%) done
Complete log: .snakemake/log/2024-10-31T162908.570395.snakemake.log
