host: DESKTOP-8QB05RP
Building DAG of jobs...
Using shell: /usr/bin/bash
Provided cores: 1 (use --cores to define parallelism)
Rules claiming more threads will be scaled down.
Job stats:
job          count
---------  -------
BMX_check        1
all              1
total            2

Select jobs to execute...
Execute 1 jobs...

[Fri Nov  1 10:28:57 2024]
localrule BMX_check:
    input: data/original/BMX_D.csv
    output: logs/bm_log.log
    jobid: 1
    reason: Missing output files: logs/bm_log.log
    resources: tmpdir=/tmp

[Fri Nov  1 10:28:58 2024]
Error in rule BMX_check:
    jobid: 1
    input: data/original/BMX_D.csv
    output: logs/bm_log.log
    shell:
        
    mkdir -p logs
    bash code/data_prep/basic_checks_bm.sh > logs/bm_log.log
    
        (one of the commands exited with non-zero exit code; note that snakemake uses bash strict mode!)

Removing output files of failed job BMX_check since they might be corrupted:
logs/bm_log.log
Shutting down, this might take some time.
Exiting because a job execution failed. Look above for error message
Complete log: .snakemake/log/2024-11-01T102857.825201.snakemake.log
WorkflowError:
At least one job did not complete successfully.
