host: DESKTOP-8QB05RP
Building DAG of jobs...
Using shell: /usr/bin/bash
Provided cores: 1 (use --cores to define parallelism)
Rules claiming more threads will be scaled down.
Job stats:
job          count
---------  -------
BMX_check        1
all              1
total            2

Select jobs to execute...
Execute 1 jobs...

[Fri Nov  1 10:29:34 2024]
localrule BMX_check:
    input: data/original/BMX_D.csv
    output: logs/bm_log.log
    jobid: 1
    reason: Missing output files: logs/bm_log.log
    resources: tmpdir=/tmp

[Fri Nov  1 10:29:35 2024]
Finished job 1.
1 of 2 steps (50%) done
Select jobs to execute...
Execute 1 jobs...

[Fri Nov  1 10:29:35 2024]
localrule all:
    input: logs/bm_log.log
    jobid: 0
    reason: Input files updated by another job: logs/bm_log.log
    resources: tmpdir=/tmp

[Fri Nov  1 10:29:35 2024]
Finished job 0.
2 of 2 steps (100%) done
Complete log: .snakemake/log/2024-11-01T102934.636742.snakemake.log
