host: DESKTOP-8QB05RP
Building DAG of jobs...
Using shell: /usr/bin/bash
Provided cores: 1 (use --cores to define parallelism)
Rules claiming more threads will be scaled down.
Job stats:
job          count
---------  -------
BMX_check        1
total            1

Select jobs to execute...
Execute 1 jobs...

[Thu Oct 31 16:02:08 2024]
localrule BMX_check:
    input: data/original/BMX_D.csv
    output: intermediate/bm_log.log
    jobid: 0
    reason: Missing output files: intermediate/bm_log.log
    resources: tmpdir=/tmp

[Thu Oct 31 16:02:09 2024]
Error in rule BMX_check:
    jobid: 0
    input: data/original/BMX_D.csv
    output: intermediate/bm_log.log
    shell:
        
    mkdir intermediate
    bash code/data_prep/basic_checks_bm.sh > intermediate/bm_log.log
    
        (one of the commands exited with non-zero exit code; note that snakemake uses bash strict mode!)

Shutting down, this might take some time.
Exiting because a job execution failed. Look above for error message
Complete log: .snakemake/log/2024-10-31T160208.949363.snakemake.log
WorkflowError:
At least one job did not complete successfully.
