host: DESKTOP-8QB05RP
Building DAG of jobs...
Using shell: /usr/bin/bash
Provided cores: 1 (use --cores to define parallelism)
Rules claiming more threads will be scaled down.
Job stats:
job           count
----------  -------
merge_data        1
total             1

Select jobs to execute...
Execute 1 jobs...

[Sat Nov  9 15:46:09 2024]
localrule merge_data:
    input: data/original/BMX_D.csv, data/original/DEMO_D.XPT, data/derived/sampleIDs.csv, logs/id_list_log
    output: data/derived/body_measurements.csv, logs/merge_log.log
    jobid: 0
    reason: Missing output files: data/derived/body_measurements.csv, logs/merge_log.log
    resources: tmpdir=/tmp

[Sat Nov  9 15:46:09 2024]
Error in rule merge_data:
    jobid: 0
    input: data/original/BMX_D.csv, data/original/DEMO_D.XPT, data/derived/sampleIDs.csv, logs/id_list_log
    output: data/derived/body_measurements.csv, logs/merge_log.log
    shell:
        
    Rscript load_demo_data.R > logs/merge_log.log
    
        (one of the commands exited with non-zero exit code; note that snakemake uses bash strict mode!)

Removing output files of failed job merge_data since they might be corrupted:
logs/merge_log.log
Shutting down, this might take some time.
Exiting because a job execution failed. Look above for error message
Complete log: .snakemake/log/2024-11-09T154241.358894.snakemake.log
WorkflowError:
At least one job did not complete successfully.
