host: DESKTOP-8QB05RP
Building DAG of jobs...
Using shell: /usr/bin/bash
Provided cores: 1 (use --cores to define parallelism)
Rules claiming more threads will be scaled down.
Job stats:
job             count
------------  -------
all                 1
data_summary        1
merge_data          1
total               3

Select jobs to execute...
Execute 1 jobs...

[Sat Nov  9 15:57:44 2024]
localrule merge_data:
    input: data/original/BMX_D.csv, data/original/DEMO_D.XPT, data/derived/sampleIDs.csv, logs/id_list_log
    output: data/derived/body_measurements.csv, logs/merge_log.log
    jobid: 2
    reason: Missing output files: logs/merge_log.log, data/derived/body_measurements.csv
    resources: tmpdir=/tmp

[Sat Nov  9 15:57:58 2024]
Finished job 2.
1 of 3 steps (33%) done
Select jobs to execute...
Execute 1 jobs...

[Sat Nov  9 15:57:58 2024]
localrule data_summary:
    input: logs/merge_log.log, data/derived/body_measurements.csv
    output: logs/data_summary_log.log
    jobid: 1
    reason: Missing output files: logs/data_summary_log.log; Input files updated by another job: data/derived/body_measurements.csv, logs/merge_log.log
    resources: tmpdir=/tmp

[Sat Nov  9 15:58:02 2024]
Finished job 1.
2 of 3 steps (67%) done
Select jobs to execute...
Execute 1 jobs...

[Sat Nov  9 15:58:03 2024]
localrule all:
    input: logs/data_summary_log.log
    jobid: 0
    reason: Input files updated by another job: logs/data_summary_log.log
    resources: tmpdir=/tmp

[Sat Nov  9 15:58:03 2024]
Finished job 0.
3 of 3 steps (100%) done
