we have 7455 files of accel data
   
we have 10082 data/original/accel/accel-31396.txt and 10082 data/original/accel/accel-39812.txt in the two random files checked
   
the top 10 lines of two random file:
<ACTIGRAPH ID=38693>
"PAXSTAT"	"PAXCAL"	"PAXDAY"	"PAXN"	"PAXHOUR"	"PAXMINUT"	"PAXINTEN"	"PAXSTEP"
1	1	7	1	0	0	0	0
1	1	7	2	0	1	0	0
1	1	7	3	0	2	0	0
1	1	7	4	0	3	0	0
1	1	7	5	0	4	0	0
1	1	7	6	0	5	0	0
1	1	7	7	0	6	0	0
1	1	7	8	0	7	0	0
<ACTIGRAPH ID=32943>
"PAXSTAT"	"PAXCAL"	"PAXDAY"	"PAXN"	"PAXHOUR"	"PAXMINUT"	"PAXINTEN"	"PAXSTEP"
1	1	4	1	0	0	0	0
1	1	4	2	0	1	0	0
1	1	4	3	0	2	0	0
1	1	4	4	0	3	0	0
1	1	4	5	0	4	0	0
1	1	4	6	0	5	0	0
1	1	4	7	0	6	0	0
1	1	4	8	0	7	0	0
   
the bottom 10 lines of two random file:
1	1	6	10071	23	50	0	0
1	1	6	10072	23	51	0	0
1	1	6	10073	23	52	0	0
1	1	6	10074	23	53	0	0
1	1	6	10075	23	54	0	0
1	1	6	10076	23	55	0	0
1	1	6	10077	23	56	0	0
1	1	6	10078	23	57	0	0
1	1	6	10079	23	58	0	0
1	1	6	10080	23	59	0	0
1	1	3	10071	23	50	0	0
1	1	3	10072	23	51	0	0
1	1	3	10073	23	52	0	0
1	1	3	10074	23	53	0	0
1	1	3	10075	23	54	0	0
1	1	3	10076	23	55	0	0
1	1	3	10077	23	56	0	0
1	1	3	10078	23	57	0	0
1	1	3	10079	23	58	0	0
1	1	3	10080	23	59	0	0
   
terun the lengh of any rows which don't have 8 columns
3
   
The lines with only 3 columns contain the folowing
NA	NA	NA
   
These lines are found in the following files:
data/original/accel/accel-31268.txt:NA	NA	NA
data/original/accel/accel-34974.txt:NA	NA	NA
   
there are 7455 files with the correct header line
