9951 data/original/BMX_D.csv
"","SEQN","BMDSTATS","BMXWT","BMIWT","BMXRECUM","BMIRECUM","BMXHEAD","BMIHEAD","BMXHT","BMIHT","BMXBMI","BMXLEG","BMILEG","BMXCALF","BMICALF","BMXARML","BMIARML","BMXARMC","BMIARMC","BMXWAIST","BMIWAIST","BMXTHICR","BMITHICR","BMXTRI","BMITRI","BMXSUB","BMISUB"
"1",31127,1,10.2,NA,73.6,NA,NA,NA,NA,NA,NA,NA,NA,NA,NA,16,NA,15.5,NA,NA,NA,NA,NA,12.8,NA,10,NA
"2",31128,1,40.1,NA,NA,NA,NA,NA,151.6,NA,17.45,37.6,NA,29.3,NA,34.3,NA,21.7,NA,62.8,NA,39.5,NA,10.4,NA,8.4,NA
"3",31129,1,74.6,NA,NA,NA,NA,NA,167.7,NA,26.53,42.7,NA,40.6,NA,36.5,NA,32.6,NA,97.8,NA,55.9,NA,18.8,NA,17.6,NA
"4",31130,4,NA,NA,NA,NA,NA,NA,NA,NA,NA,NA,NA,NA,NA,NA,NA,NA,NA,NA,NA,NA,NA,NA,NA,NA,NA
"5",31131,3,75.2,NA,NA,NA,NA,NA,156,NA,30.9,38,NA,36.6,NA,35,NA,35.8,NA,96,NA,53.7,NA,NA,2,NA,1
"6",31132,1,69.5,NA,NA,NA,NA,NA,167.6,NA,24.74,40.4,NA,35.6,NA,37.5,NA,31.2,NA,96.5,NA,48,NA,10.4,NA,22.2,NA
"7",31133,1,45,NA,NA,NA,NA,NA,163.7,NA,16.79,39.2,NA,31.7,NA,35.8,NA,22.3,NA,62,NA,41.3,NA,6.8,NA,8.2,NA
"8",31134,1,101.9,NA,NA,NA,NA,NA,182.4,NA,30.63,41.5,NA,42.6,NA,42.7,NA,33,NA,117.1,NA,50.5,NA,13,NA,16,NA
"9",31135,1,10.5,NA,74.8,NA,NA,NA,NA,NA,NA,NA,NA,NA,NA,15.6,NA,16.7,NA,NA,NA,NA,NA,10.4,NA,10.4,NA
"10",31137,3,79.9,NA,NA,NA,NA,NA,169.6,NA,27.78,45.2,NA,41.1,NA,38,NA,31.8,NA,89,NA,60.4,NA,29.8,NA,NA,1
"11",31138,1,13.7,NA,93.2,NA,NA,NA,92.3,NA,16.08,NA,NA,NA,NA,19,NA,16,NA,49.6,NA,NA,NA,8,NA,5,NA
"12",31139,3,73.9,4,NA,NA,NA,NA,158.4,NA,29.45,40.7,NA,40.2,NA,35.9,NA,31.8,NA,84,NA,NA,1,17.2,NA,13.6,NA
"13",31140,1,42.1,NA,NA,NA,NA,NA,152.3,NA,18.15,40,NA,30.9,NA,31.3,NA,24.7,NA,67.3,NA,43.2,NA,15,NA,12,NA
"14",31141,1,60.5,NA,NA,NA,NA,NA,180.6,NA,18.55,41.2,NA,34,NA,40,NA,24.3,NA,69.8,NA,46.3,NA,8,NA,8.4,NA
"9941",41465,3,130.6,NA,NA,NA,NA,NA,168.9,NA,45.78,44,NA,47,NA,43.5,NA,50.3,NA,141.1,NA,74.2,NA,NA,2,NA,1
"9942",41466,1,79.9,NA,NA,NA,NA,NA,154.1,NA,33.65,36.2,NA,37.2,NA,34.2,NA,32.6,NA,114.2,NA,49.6,NA,22.1,NA,37.5,NA
"9943",41467,1,54.3,NA,NA,NA,NA,NA,154.8,NA,22.66,35.5,NA,37.3,NA,32.8,NA,25,NA,71.4,NA,47.5,NA,16,NA,15.4,NA
"9944",41468,1,66,NA,NA,NA,NA,NA,158,NA,26.44,35.8,NA,35.2,NA,39,NA,29.2,NA,89.3,NA,47,NA,20.4,NA,18,NA
"9945",41469,1,53.5,NA,NA,NA,NA,NA,166.7,NA,19.25,40.5,NA,33.5,NA,36.7,NA,26.4,NA,70.5,NA,44.3,NA,13,NA,11.2,NA
"9946",41470,1,7.3,NA,66.5,NA,43.5,NA,NA,NA,NA,NA,NA,NA,NA,13.2,NA,14.6,NA,NA,NA,NA,NA,9,NA,7.4,NA
"9947",41471,1,43.9,NA,NA,NA,NA,NA,154.4,NA,18.41,40.6,NA,32.3,NA,33.8,NA,24.5,NA,63.4,NA,43.5,NA,5.3,NA,6.1,NA
"9948",41472,1,95.8,NA,NA,NA,NA,NA,191.1,NA,26.23,46.9,NA,38.2,NA,42.6,NA,34.5,NA,103.5,NA,57.6,NA,18,NA,25.2,NA
"9949",41473,1,74.2,NA,NA,NA,NA,NA,168.4,NA,26.16,41,NA,38.3,NA,37.1,NA,32.7,NA,93.7,NA,52.1,NA,12.2,NA,15.2,NA
"9950",41474,1,74.9,NA,NA,NA,NA,NA,172.8,NA,25.08,44.7,NA,39.6,NA,37,NA,29.1,NA,93.2,NA,55,NA,22,NA,22.4,NA
28
README.txt
code
data
logs
projectenv.yml
results
snakefile
