host: compute068.bc4.acrc.priv
Building DAG of jobs...
Using shell: /usr/bin/bash
Provided remote nodes: 1
Provided resources: mem_mb=100, mem_mib=96, disk_mb=1000, disk_mib=954, ntasks=1, nodes=1
Select jobs to execute...
Execute 1 jobs...

[Mon Nov 18 13:57:54 2024]
rule merge_data:
    input: data/original/BMX_D.csv, data/original/DEMO_D.XPT, data/derived/sampleIDs.csv, logs/id_list_log
    output: data/derived/body_measurements.csv, logs/merge_log.log
    jobid: 0
    reason: Forced execution
    resources: mem_mb=100, mem_mib=96, disk_mb=1000, disk_mib=954, tmpdir=<TBD>, slurm_partition=teach_cpu, slurm_account=sscm033324, runtime=120, ntasks=1, nodes=1


    Rscript code/tidyverse/load_demo_data.R > logs/merge_log.log
    
host: compute068.bc4.acrc.priv
Building DAG of jobs...
Using shell: /usr/bin/bash
Provided cores: 1 (use --cores to define parallelism)
Rules claiming more threads will be scaled down.
Provided resources: mem_mb=100, mem_mib=96, disk_mb=1000, disk_mib=954, ntasks=1, nodes=1
Select jobs to execute...
Execute 1 jobs...

[Mon Nov 18 13:57:55 2024]
localrule merge_data:
    input: data/original/BMX_D.csv, data/original/DEMO_D.XPT, data/derived/sampleIDs.csv, logs/id_list_log
    output: data/derived/body_measurements.csv, logs/merge_log.log
    jobid: 0
    reason: Forced execution
    resources: mem_mb=100, mem_mib=96, disk_mb=1000, disk_mib=954, tmpdir=/tmp, slurm_partition=teach_cpu, slurm_account=sscm033324, runtime=120, ntasks=1, nodes=1


    Rscript code/tidyverse/load_demo_data.R > logs/merge_log.log
    
-- Attaching core tidyverse packages ------------------------ tidyverse 2.0.0 --
v dplyr     1.1.4     v readr     2.1.5
v forcats   1.0.0     v stringr   1.5.1
v ggplot2   3.5.1     v tibble    3.2.1
v lubridate 1.9.3     v tidyr     1.3.1
v purrr     1.0.2     
-- Conflicts ------------------------------------------ tidyverse_conflicts() --
x dplyr::filter() masks stats::filter()
x dplyr::lag()    masks stats::lag()
i Use the conflicted package (<http://conflicted.r-lib.org/>) to force all conflicts to become errors
There were 13 warnings (use warnings() to see them)
New names:
* `` -> `...1`
Rows: 9950 Columns: 28
-- Column specification --------------------------------------------------------
Delimiter: ","
dbl (27): ...1, SEQN, BMDSTATS, BMXWT, BMIWT, BMXRECUM, BMIRECUM, BMXHEAD, B...
lgl  (1): BMIHEAD

i Use `spec()` to retrieve the full column specification for this data.
i Specify the column types or set `show_col_types = FALSE` to quiet this message.
Joining with `by = join_by(seqn)`
New names:
* `` -> `...1`
Rows: 9950 Columns: 3
-- Column specification --------------------------------------------------------
Delimiter: ","
dbl (3): ...1, PID, sample

i Use `spec()` to retrieve the full column specification for this data.
i Specify the column types or set `show_col_types = FALSE` to quiet this message.
[Mon Nov 18 13:57:59 2024]
Finished job 0.
1 of 1 steps (100%) done
Storing output in storage.
[Mon Nov 18 13:57:59 2024]
Finished job 0.
1 of 1 steps (100%) done
Storing output in storage.
